<?xml version="1.0" encoding="UTF-8"?>
<testsuite xmlns:xsi="http://www.w3.org/2001/XMLSchema-instance" xsi:noNamespaceSchemaLocation="https://maven.apache.org/surefire/maven-surefire-plugin/xsd/surefire-test-report-3.0.xsd" version="3.0" name="edu.unisabana.tyvs.registry.delivery.rest.RegistryControllerTest" time="4.024" tests="6" errors="0" skipped="0" failures="0">
  <properties>
[...]
</properties>
  <testcase name="shouldRejectDuplicatedPersonThroughRestEndpoint" classname="edu.unisabana.tyvs.registry.delivery.rest.RegistryControllerTest" time="0.17">
    <system-out><![CDATA[
  .   ____          _            __ _ _
 /\\ / ___'_ __ _ _(_)_ __  __ _ \ \ \ \
( ( )\___ | '_ | '_| | '_ \/ _` | \ \ \ \
 \\/  ___)| |_)| | | | | || (_| |  ) ) ) )
  '  |____| .__|_| |_|_| |_\__, | / / / /
 =========|_|==============|___/=/_/_/_/

 :: Spring Boot ::                (v3.3.2)

2026-06-08T22:10:31.664-05:00  INFO 28416 --- [           main] e.u.t.r.d.rest.RegistryControllerTest    : Starting RegistryControllerTest using Java 17.0.19 with PID 28416 (started by cporras in D:\Personal\MAESTRIA ASOFTWARE\Testing\Actividad4\TYVS-Proyecto_Pruebas_Integracion\registraduria)
2026-06-08T22:10:31.675-05:00  INFO 28416 --- [           main] e.u.t.r.d.rest.RegistryControllerTest    : No active profile set, falling back to 1 default profile: "default"
2026-06-08T22:10:33.686-05:00  INFO 28416 --- [           main] o.s.b.t.m.w.SpringBootMockServletContext : Initializing Spring TestDispatcherServlet ''
2026-06-08T22:10:33.687-05:00  INFO 28416 --- [           main] o.s.t.web.servlet.TestDispatcherServlet  : Initializing Servlet ''
2026-06-08T22:10:33.688-05:00  INFO 28416 --- [           main] o.s.t.web.servlet.TestDispatcherServlet  : Completed initialization in 0 ms
2026-06-08T22:10:33.714-05:00  INFO 28416 --- [           main] e.u.t.r.d.rest.RegistryControllerTest    : Started RegistryControllerTest in 2.761 seconds (process running for 8.416)
]]></system-out>
  </testcase>
  <testcase name="shouldRejectUnderagePersonThroughRestEndpoint" classname="edu.unisabana.tyvs.registry.delivery.rest.RegistryControllerTest" time="0.007"/>
  <testcase name="shouldRejectInvalidJsonThroughRestEndpoint" classname="edu.unisabana.tyvs.registry.delivery.rest.RegistryControllerTest" time="0.012">
    <system-out><![CDATA[2026-06-08T22:10:33.937-05:00  WARN 28416 --- [           main] .w.s.m.s.DefaultHandlerExceptionResolver : Resolved [org.springframework.http.converter.HttpMessageNotReadableException: JSON parse error: Cannot deserialize value of type `int` from String "ABC": not a valid `int` value]
]]></system-out>
  </testcase>
  <testcase name="shouldRegisterPersonThroughRestEndpoint" classname="edu.unisabana.tyvs.registry.delivery.rest.RegistryControllerTest" time="0.005"/>
  <testcase name="shouldRejectDeadPersonThroughRestEndpoint" classname="edu.unisabana.tyvs.registry.delivery.rest.RegistryControllerTest" time="0.005"/>
  <testcase name="shouldReturnInvalidWhenRequiredBusinessDataIsMissing" classname="edu.unisabana.tyvs.registry.delivery.rest.RegistryControllerTest" time="0.005"/>
</testsuite>